{"Timestamp":"2020-01-01T00:00:23Z","SensorId":"air_quality_0006","SensorType":"air_quality","Readings":{"CO":9,"NO2":12,"PM10":4,"PM2_5":8,"ozone":95},"Location":{"latitude":77.941,"longitude":-82.6048},"Status":"SAFE"}
{"Timestamp":"2020-01-01T00:00:32Z","SensorId":"air_quality_0018","SensorType":"air_quality","Readings":{"CO":0,"NO2":28,"PM10":32,"PM2_5":96,"ozone":146},"Location":{"latitude":48.1722,"longitude":156.9915},"Status":"ACCEPTABLE"}
{"Timestamp":"2020-01-01T00:00:24Z","SensorId":"air_quality_0010","SensorType":"air_quality","Readings":{"CO":8,"NO2":37,"PM10":213,"PM2_5":66,"ozone":72},"Location":{"latitude":-74.7366,"longitude":-164.1961},"Status":"ACCEPTABLE"}
{"Timestamp":"2020-01-01T00:00:25Z","SensorId":"weather_0007","SensorType":"weather","Readings":{"humidity":77,"precipitation":5.76,"pressure":965,"temperature":12.23,"wind_direction":"SE","wind_speed":12.63},"Location":{"latitude":-74.8525,"longitude":100.3385},"Status":"OK"}
{"Timestamp":"2020-01-01T00:00:36Z","SensorId":"weather_0019","SensorType":"weather","Readings":{"humidity":75,"precipitation":6.36,"pressure":1027,"temperature":14.47,"wind_direction":"W","wind_speed":35.72},"Location":{"latitude":27.5311,"longitude":-163.9401},"Status":"OK"}
{"Timestamp":"2020-01-01T00:00:36Z","SensorId":"weather_0011","SensorType":"weather","Readings":{"humidity":86,"precipitation":0.67,"pressure":999,"temperature":24.69,"wind_direction":"NW","wind_speed":0.44},"Location":{"latitude":-35.5012,"longitude":36.0579},"Status":"OK"}
{"Timestamp":"2020-01-01T00:00:23Z","SensorId":"air_quality_0007","SensorType":"air_quality","Readings":{"CO":33,"NO2":43,"PM10":67,"PM2_5":25,"ozone":4},"Location":{"latitude":-35.1713,"longitude":99.1467},"Status":"SAFE"}
{"Timestamp":"2020-01-01T00:00:31Z","SensorId":"air_quality_0003","SensorType":"air_quality","Readings":{"CO":14,"NO2":77,"PM10":332,"PM2_5":24,"ozone":39},"Location":{"latitude":11.3612,"longitude":121.67},"Status":"MODERATE"}
{"Timestamp":"2020-01-01T00:00:31Z","SensorId":"weather_0001","SensorType":"weather","Readings":{"humidity":73,"precipitation":9.73,"pressure":966,"temperature":24.52,"wind_direction":"S","wind_speed":4.59},"Location":{"latitude":0.3863,"longitude":172.3821},"Status":"OK"}
{"Timestamp":"2020-01-01T00:00:41Z","SensorId":"weather_0020","SensorType":"weather","Readings":{"humidity":99,"precipitation":8.59,"pressure":1012,"temperature":11.06,"wind_direction":"W","wind_speed":19.67},"Location":{"latitude":-41.1359,"longitude":127.4616},"Status":"WARNING"}
{"Timestamp":"2020-01-01T00:00:21Z","SensorId":"air_quality_0011","SensorType":"air_quality","Readings":{"CO":26,"NO2":110,"PM10":100,"PM2_5":25,"ozone":179},"Location":{"latitude":-57.0467,"longitude":-45.0341},"Status":"DANGEROUS"}
{"Timestamp":"2020-01-01T00:00:22Z","SensorId":"weather_0008","SensorType":"weather","Readings":{"humidity":1,"precipitation":6.67,"pressure":970,"temperature":34.72,"wind_direction":"SE","wind_speed":44.36},"Location":{"latitude":-51.1038,"longitude":53.056},"Status":"WARNING"}
{"Timestamp":"2020-01-01T00:00:15Z","SensorId":"weather_0003","SensorType":"weather","Readings":{"humidity":94,"precipitation":null,"pressure":978,"temperature":10.57,"wind_direction":"NW","wind_speed":34.91},"Location":{"latitude":-56.9705,"longitude":-158.8479},"Status":"ERROR"}
{"Timestamp":"2020-01-01T00:00:31Z","SensorId":"weather_0012","SensorType":"weather","Readings":{"humidity":93,"precipitation":2.08,"pressure":992,"temperature":3.51,"wind_direction":"NE","wind_speed":58.57},"Location":{"latitude":6.4132,"longitude":29.0794},"Status":"OK"}
{"Timestamp":"2020-01-01T00:00:23Z","SensorId":"weather_0004","SensorType":"weather","Readings":{"humidity":81,"precipitation":6.75,"pressure":961,"temperature":29.25,"wind_direction":"SE","wind_speed":56.34},"Location":{"latitude":-4.163,"longitude":47.7094},"Status":"OK"}
{"Timestamp":"2020-01-01T00:00:44Z","SensorId":"air_quality_0020","SensorType":"air_quality","Readings":{"CO":37,"NO2":17,"PM10":6,"PM2_5":83,"ozone":94},"Location":{"latitude":53.2986,"longitude":-120.2147},"Status":"ACCEPTABLE"}
{"Timestamp":"2020-01-01T00:00:34Z","SensorId":"air_quality_0008","SensorType":"air_quality","Readings":{"CO":12,"NO2":19,"PM10":108,"PM2_5":91,"ozone":17},"Location":{"latitude":37.3983,"longitude":172.7161},"Status":"MODERATE"}
{"Timestamp":"2020-01-01T00:00:26Z","SensorId":"air_quality_0004","SensorType":"air_quality","Readings":{"CO":9,"NO2":92,"PM10":371,"PM2_5":107,"ozone":159},"Location":{"latitude":-60.859,"longitude":-95.7343},"Status":"MODERATE"}
{"Timestamp":"2020-01-01T00:00:43Z","SensorId":"weather_0021","SensorType":"weather","Readings":{"humidity":92,"precipitation":2.7,"pressure":1039,"temperature":16.31,"wind_direction":"S","wind_speed":26.34},"Location":{"latitude":14.8682,"longitude":179.9457},"Status":"WARNING"}
{"Timestamp":"2020-01-01T00:00:36Z","SensorId":"weather_0009","SensorType":"weather","Readings":{"humidity":36,"precipitation":7.96,"pressure":1006,"temperature":33.53,"wind_direction":"NW","wind_speed":40.33},"Location":{"latitude":-59.2023,"longitude":104.4531},"Status":"WARNING"}
{"Timestamp":"2020-01-01T00:00:26Z","SensorId":"air_quality_0001","SensorType":"air_quality","Readings":{"CO":8,"NO2":93,"PM10":87,"PM2_5":46,"ozone":163},"Location":{"latitude":84.2298,"longitude":-150.3323},"Status":"ACCEPTABLE"}
{"Timestamp":"2020-01-01T00:00:29Z","SensorId":"air_quality_0012","SensorType":"air_quality","Readings":{"CO":6,"NO2":103,"PM10":369,"PM2_5":26,"ozone":60},"Location":{"latitude":24.083,"longitude":-175.9747},"Status":"DANGEROUS"}
{"Timestamp":"2020-01-01T00:00:30Z","SensorId":"weather_0005","SensorType":"weather","Readings":{"humidity":18,"precipitation":6.81,"pressure":1032,"temperature":4.09,"wind_direction":"SW","wind_speed":26.67},"Location":{"latitude":59.6536,"longitude":174.0024},"Status":"OK"}
{"Timestamp":"2020-01-01T00:00:29Z","SensorId":"air_quality_0009","SensorType":"air_quality","Readings":{"CO":19,"NO2":54,"PM10":5,"PM2_5":46,"ozone":133},"Location":{"latitude":-23.6171,"longitude":127.9839},"Status":"MODERATE"}
{"Timestamp":"2020-01-01T00:00:27Z","SensorId":"weather_0013","SensorType":"weather","Readings":{"humidity":65,"precipitation":5.39,"pressure":981,"temperature":33.09,"wind_direction":"N","wind_speed":21.27},"Location":{"latitude":-83.7046,"longitude":-94.0724},"Status":"WARNING"}
{"Timestamp":"2020-01-01T00:00:23Z","SensorId":"air_quality_0005","SensorType":"air_quality","Readings":{"CO":4,"NO2":83,"PM10":115,"PM2_5":8,"ozone":153},"Location":{"latitude":74.4669,"longitude":19.6064},"Status":"MODERATE"}
{"Timestamp":"2020-01-01T00:00:13Z","SensorId":"weather_0002","SensorType":"weather","Readings":{"humidity":87,"precipitation":6.8,"pressure":1044,"temperature":34.3,"wind_direction":null,"wind_speed":35.09},"Location":{"latitude":-69.5079,"longitude":42.2626},"Status":"ERROR"}
{"Timestamp":"2020-01-01T00:00:20Z","SensorId":"weather_0010","SensorType":"weather","Readings":{"humidity":13,"precipitation":4.62,"pressure":1029,"temperature":11.97,"wind_direction":"N","wind_speed":3.12},"Location":{"latitude":-4.7305,"longitude":-57.4216},"Status":"OK"}
{"Timestamp":"2020-01-01T00:00:47Z","SensorId":"air_quality_0021","SensorType":"air_quality","Readings":{"CO":30,"NO2":64,"PM10":111,"PM2_5":7,"ozone":167},"Location":{"latitude":36.1796,"longitude":-23.2089},"Status":"MODERATE"}
{"Timestamp":"2020-01-01T00:00:41Z","SensorId":"air_quality_0013","SensorType":"air_quality","Readings":{"CO":24,"NO2":12,"PM10":232,"PM2_5":26,"ozone":196},"Location":{"latitude":9.1407,"longitude":162.8868},"Status":"ACCEPTABLE"}
{"Timestamp":"2020-01-01T00:00:18Z","SensorId":"weather_0006","SensorType":"weather","Readings":{"humidity":33,"precipitation":9.29,"pressure":1020,"temperature":13.01,"wind_direction":"SE","wind_speed":29.48},"Location":{"latitude":-3.7969,"longitude":123.4895},"Status":"OK"}
{"Timestamp":"2020-01-01T00:00:28Z","SensorId":"air_quality_0002","SensorType":"air_quality","Readings":{"CO":4,"NO2":23,"PM10":316,"PM2_5":31,"ozone":103},"Location":{"latitude":18.8221,"longitude":-65.7253},"Status":"ACCEPTABLE"}
{"Timestamp":"2020-01-01T00:00:40Z","SensorId":"weather_0014","SensorType":"weather","Readings":{"humidity":8,"precipitation":1.1,"pressure":1047,"temperature":1.55,"wind_direction":"W","wind_speed":null},"Location":{"latitude":-56.3599,"longitude":169.1212},"Status":"ERROR"}
{"Timestamp":"2020-01-01T00:00:40Z","SensorId":"weather_0022","SensorType":"weather","Readings":{"humidity":39,"precipitation":4.74,"pressure":1042,"temperature":24.7,"wind_direction":"S","wind_speed":41.92},"Location":{"latitude":77.9596,"longitude":-45.8491},"Status":"OK"}
{"Timestamp":"2020-01-01T00:00:48Z","SensorId":"weather_0035","SensorType":"weather","Readings":{"humidity":61,"precipitation":1.15,"pressure":1036,"temperature":34.37,"wind_direction":"NE","wind_speed":26.2},"Location":{"latitude":81.204,"longitude":-46.3859},"Status":"WARNING"}
{"Timestamp":"2020-01-01T00:00:49Z","SensorId":"air_quality_0022","SensorType":"air_quality","Readings":{"CO":18,"NO2":2,"PM10":255,"PM2_5":97,"ozone":27},"Location":{"latitude":89.114,"longitude":-164.5},"Status":"MODERATE"}
{"Timestamp":"2020-01-01T00:00:48Z","SensorId":"weather_0023","SensorType":"weather","Readings":{"humidity":39,"precipitation":0.19,"pressure":1039,"temperature":12.92,"wind_direction":"N","wind_speed":31.77},"Location":{"latitude":19.9576,"longitude":6.8688},"Status":"OK"}
{"Timestamp":"2020-01-01T00:00:11Z","SensorId":"air_quality_0000","SensorType":"air_quality","Readings":{"CO":7,"NO2":38,"PM10":333,"PM2_5":52,"ozone":139},"Location":{"latitude":54.843,"longitude":12.7873},"Status":"ACCEPTABLE"}
{"Timestamp":"2020-01-01T00:01:03Z","SensorId":"air_quality_0035","SensorType":"air_quality","Readings":{"CO":36,"NO2":97,"PM10":335,"PM2_5":91,"ozone":45},"Location":{"latitude":23.8821,"longitude":74.9697},"Status":"MODERATE"}
{"Timestamp":"2020-01-01T00:00:26Z","SensorId":"weather_0000","SensorType":"weather","Readings":{"humidity":57,"precipitation":3.71,"pressure":1036,"temperature":19.76,"wind_direction":"NE","wind_speed":50.57},"Location":{"latitude":33.302,"longitude":21.7631},"Status":"OK"}
{"Timestamp":"2020-01-01T00:00:50Z","SensorId":"air_quality_0023","SensorType":"air_quality","Readings":{"CO":28,"NO2":24,"PM10":306,"PM2_5":100,"ozone":123},"Location":{"latitude":75.0489,"longitude":3.7536},"Status":"MODERATE"}
{"Timestamp":"2020-01-01T00:01:06Z","SensorId":"weather_0036","SensorType":"weather","Readings":{"humidity":35,"precipitation":7.76,"pressure":990,"temperature":24.35,"wind_direction":"SW","wind_speed":38.86},"Location":{"latitude":-24.8868,"longitude":-60.5455},"Status":"OK"}
{"Timestamp":"2020-01-01T00:01:00Z","SensorId":"weather_0042","SensorType":"weather","Readings":{"humidity":72,"precipitation":1.53,"pressure":985,"temperature":13.43,"wind_direction":"W","wind_speed":12.08},"Location":{"latitude":-55.9297,"longitude":111.2334},"Status":"OK"}
{"Timestamp":"2020-01-01T00:00:35Z","SensorId":"weather_0024","SensorType":"weather","Readings":{"humidity":55,"precipitation":2.01,"pressure":981,"temperature":5.65,"wind_direction":"N","wind_speed":19.01},"Location":{"latitude":43.4376,"longitude":145.7095},"Status":"OK"}
{"Timestamp":"2020-01-01T00:01:06Z","SensorId":"air_quality_0036","SensorType":"air_quality","Readings":{"CO":25,"NO2":92,"PM10":147,"PM2_5":12,"ozone":46},"Location":{"latitude":-52.8584,"longitude":-61.6973},"Status":"MODERATE"}
{"Timestamp":"2020-01-01T00:00:52Z","SensorId":"air_quality_0042","SensorType":"air_quality","Readings":{"CO":25,"NO2":32,"PM10":295,"PM2_5":51,"ozone":76},"Location":{"latitude":-17.1804,"longitude":-57.6436},"Status":"ACCEPTABLE"}
{"Timestamp":"2020-01-01T00:00:38Z","SensorId":"air_quality_0024","SensorType":"air_quality","Readings":{"CO":9,"NO2":64,"PM10":52,"PM2_5":81,"ozone":null},"Location":{"latitude":-18.3556,"longitude":38.5502},"Status":"ERROR"}
{"Timestamp":"2020-01-01T00:00:47Z","SensorId":"weather_0037","SensorType":"weather","Readings":{"humidity":19,"precipitation":2.51,"pressure":989,"temperature":19.52,"wind_direction":"SE","wind_speed":43.99},"Location":{"latitude":79.3079,"longitude":-76.0237},"Status":"OK"}
{"Timestamp":"2020-01-01T00:01:09Z","SensorId":"weather_0043","SensorType":"weather","Readings":{"humidity":58,"precipitation":1.41,"pressure":952,"temperature":28.85,"wind_direction":"N","wind_speed":25.53},"Location":{"latitude":10.0544,"longitude":62.879},"Status":"OK"}
{"Timestamp":"2020-01-01T00:00:44Z","SensorId":"air_quality_0014","SensorType":"air_quality","Readings":{"CO":36,"NO2":11,"PM10":311,"PM2_5":14,"ozone":4},"Location":{"latitude":27.5886,"longitude":165.8998},"Status":"ACCEPTABLE"}
{"Timestamp":"2020-01-01T00:00:48Z","SensorId":"weather_0025","SensorType":"weather","Readings":{"humidity":64,"precipitation":6.12,"pressure":972,"temperature":7,"wind_direction":"NE","wind_speed":21.06},"Location":{"latitude":-0.7547,"longitude":-172.6648},"Status":"OK"}
{"Timestamp":"2020-01-01T00:00:51Z","SensorId":"air_quality_0037","SensorType":"air_quality","Readings":{"CO":18,"NO2":106,"PM10":112,"PM2_5":93,"ozone":52},"Location":{"latitude":13.8997,"longitude":16.2412},"Status":"MODERATE"}
{"Timestamp":"2020-01-01T00:00:53Z","SensorId":"air_quality_0041","SensorType":"air_quality","Readings":{"CO":29,"NO2":47,"PM10":167,"PM2_5":28,"ozone":11},"Location":{"latitude":-55.8561,"longitude":-113.5201},"Status":"ACCEPTABLE"}
{"Timestamp":"2020-01-01T00:00:49Z","SensorId":"weather_0038","SensorType":"weather","Readings":{"humidity":16,"precipitation":7.93,"pressure":1048,"temperature":8.97,"wind_direction":"SE","wind_speed":0.55},"Location":{"latitude":57.8538,"longitude":85.3983},"Status":"OK"}
{"Timestamp":"2020-01-01T00:00:45Z","SensorId":"air_quality_0019","SensorType":"air_quality","Readings":{"CO":3,"NO2":34,"PM10":214,"PM2_5":74,"ozone":43},"Location":{"latitude":54.2698,"longitude":-41.8584},"Status":"ACCEPTABLE"}
{"Timestamp":"2020-01-01T00:01:06Z","SensorId":"air_quality_0043","SensorType":"air_quality","Readings":{"CO":32,"NO2":51,"PM10":270,"PM2_5":115,"ozone":78},"Location":{"latitude":-23.1319,"longitude":147.3282},"Status":"MODERATE"}
{"Timestamp":"2020-01-01T00:01:24Z","SensorId":"air_quality_0055","SensorType":"air_quality","Readings":{"CO":0,"NO2":13,"PM10":106,"PM2_5":62,"ozone":140},"Location":{"latitude":29.6798,"longitude":136.0725},"Status":"MODERATE"}
{"Timestamp":"2020-01-01T00:00:52Z","SensorId":"weather_0028","SensorType":"weather","Readings":{"humidity":15,"precipitation":3.03,"pressure":976,"temperature":7.87,"wind_direction":"SE","wind_speed":57.57},"Location":{"latitude":-1.6038,"longitude":-45.9529},"Status":"OK"}
{"Timestamp":"2020-01-01T00:00:57Z","SensorId":"weather_0044","SensorType":"weather","Readings":{"humidity":81,"precipitation":0.77,"pressure":1023,"temperature":30.34,"wind_direction":"NW","wind_speed":52.79},"Location":{"latitude":-75.4358,"longitude":125.1076},"Status":"OK"}
{"Timestamp":"2020-01-01T00:00:50Z","SensorId":"air_quality_0028","SensorType":"air_quality","Readings":{"CO":28,"NO2":41,"PM10":31,"PM2_5":84,"ozone":188},"Location":{"latitude":76.7918,"longitude":26.7835},"Status":"ACCEPTABLE"}
{"Timestamp":"2020-01-01T00:00:54Z","SensorId":"air_quality_0044","SensorType":"air_quality","Readings":{"CO":6,"NO2":69,"PM10":192,"PM2_5":80,"ozone":2},"Location":{"latitude":-56.5093,"longitude":96.6777},"Status":"MODERATE"}
{"Timestamp":"2020-01-01T00:01:24Z","SensorId":"weather_0056","SensorType":"weather","Readings":{"humidity":37,"precipitation":1.25,"pressure":982,"temperature":11.57,"wind_direction":"SE","wind_speed":30.04},"Location":{"latitude":-36.3693,"longitude":-179.4306},"Status":"OK"}
{"Timestamp":"2020-01-01T00:00:29Z","SensorId":"weather_0015","SensorType":"weather","Readings":{"humidity":4,"precipitation":3.88,"pressure":1002,"temperature":21.97,"wind_direction":"SE","wind_speed":48.6},"Location":{"latitude":-40.549,"longitude":-87.4586},"Status":"OK"}
{"Timestamp":"2020-01-01T00:00:50Z","SensorId":"air_quality_0038","SensorType":"air_quality","Readings":{"CO":18,"NO2":111,"PM10":24,"PM2_5":84,"ozone":191},"Location":{"latitude":-50.5231,"longitude":29.7715},"Status":"DANGEROUS"}
{"Timestamp":"2020-01-01T00:01:10Z","SensorId":"air_quality_0056","SensorType":"air_quality","Readings":{"CO":2,"NO2":1,"PM10":277,"PM2_5":102,"ozone":174},"Location":{"latitude":-50.4566,"longitude":-20.3365},"Status":"MODERATE"}
{"Timestamp":"2020-01-01T00:00:39Z","SensorId":"air_quality_0015","SensorType":"air_quality","Readings":{"CO":7,"NO2":91,"PM10":90,"PM2_5":104,"ozone":29},"Location":{"latitude":-50.9826,"longitude":-100.201},"Status":"ACCEPTABLE"}
{"Timestamp":"2020-01-01T00:00:50Z","SensorId":"weather_0029","SensorType":"weather","Readings":{"humidity":79,"precipitation":0.27,"pressure":1014,"temperature":4.57,"wind_direction":"S","wind_speed":29.69},"Location":{"latitude":1.2106,"longitude":-0.2442},"Status":"OK"}
{"Timestamp":"2020-01-01T00:01:03Z","SensorId":"weather_0039","SensorType":"weather","Readings":{"humidity":18,"precipitation":3.7,"pressure":972,"temperature":9.93,"wind_direction":"E","wind_speed":33.29},"Location":{"latitude":-61.1653,"longitude":-36.1751},"Status":"OK"}
{"Timestamp":"2020-01-01T00:00:28Z","SensorId":"weather_0016","SensorType":"weather","Readings":{"humidity":9,"precipitation":0.38,"pressure":1008,"temperature":0.08,"wind_direction":"NE","wind_speed":49.64},"Location":{"latitude":39.8744,"longitude":82.1882},"Status":"OK"}
{"Timestamp":"2020-01-01T00:01:26Z","SensorId":"air_quality_0067","SensorType":"air_quality","Readings":{"CO":4,"NO2":6,"PM10":169,"PM2_5":85,"ozone":108},"Location":{"latitude":27.6964,"longitude":-169.21},"Status":"MODERATE"}
{"Timestamp":"2020-01-01T00:00:45Z","SensorId":"air_quality_0029","SensorType":"air_quality","Readings":{"CO":39,"NO2":105,"PM10":211,"PM2_5":101,"ozone":35},"Location":{"latitude":-55.715,"longitude":-151.8565},"Status":"DANGEROUS"}
{"Timestamp":"2020-01-01T00:00:50Z","SensorId":"air_quality_0025","SensorType":"air_quality","Readings":{"CO":13,"NO2":16,"PM10":71,"PM2_5":51,"ozone":109},"Location":{"latitude":59.5675,"longitude":-171.3568},"Status":"ACCEPTABLE"}
{"Timestamp":"2020-01-01T00:01:03Z","SensorId":"air_quality_0039","SensorType":"air_quality","Readings":{"CO":37,"NO2":70,"PM10":145,"PM2_5":46,"ozone":159},"Location":{"latitude":-20.2793,"longitude":-122.6259},"Status":"MODERATE"}
{"Timestamp":"2020-01-01T00:00:38Z","SensorId":"air_quality_0016","SensorType":"air_quality","Readings":{"CO":8,"NO2":5,"PM10":44,"PM2_5":68,"ozone":51},"Location":{"latitude":83.1495,"longitude":-128.7033},"Status":"SAFE"}
{"Timestamp":"2020-01-01T00:01:13Z","SensorId":"weather_0045","SensorType":"weather","Readings":{"humidity":80,"precipitation":0.75,"pressure":1021,"temperature":33.89,"wind_direction":"SW","wind_speed":58.5},"Location":{"latitude":-30.0986,"longitude":-120.3309},"Status":"WARNING"}
{"Timestamp":"2020-01-01T00:01:09Z","SensorId":"weather_0040","SensorType":"weather","Readings":{"humidity":69,"precipitation":8.3,"pressure":1035,"temperature":23.8,"wind_direction":"W","wind_speed":25.6},"Location":{"latitude":69.4381,"longitude":23.6239},"Status":"OK"}
{"Timestamp":"2020-01-01T00:00:52Z","SensorId":"weather_0026","SensorType":"weather","Readings":{"humidity":43,"precipitation":0.58,"pressure":976,"temperature":5.64,"wind_direction":"S","wind_speed":47.32},"Location":{"latitude":65.4169,"longitude":21.3673},"Status":"OK"}
{"Timestamp":"2020-01-01T00:01:33Z","SensorId":"weather_0068","SensorType":"weather","Readings":{"humidity":24,"precipitation":9.91,"pressure":968,"temperature":17.65,"wind_direction":"E","wind_speed":30.29},"Location":{"latitude":-27.0944,"longitude":82.0006},"Status":"OK"}
{"Timestamp":"2020-01-01T00:00:43Z","SensorId":"weather_0017","SensorType":"weather","Readings":{"humidity":30,"precipitation":4.54,"pressure":1033,"temperature":34.1,"wind_direction":"SW","wind_speed":38.14},"Location":{"latitude":-16.8706,"longitude":-72.1086},"Status":"WARNING"}
{"Timestamp":"2020-01-01T00:01:23Z","SensorId":"weather_0057","SensorType":"weather","Readings":{"humidity":4,"precipitation":8.79,"pressure":970,"temperature":35.71,"wind_direction":"SW","wind_speed":42.84},"Location":{"latitude":72.2777,"longitude":163.8761},"Status":"WARNING"}
{"Timestamp":"2020-01-01T00:00:53Z","SensorId":"air_quality_0026","SensorType":"air_quality","Readings":{"CO":39,"NO2":55,"PM10":25,"PM2_5":25,"ozone":141},"Location":{"latitude":-87.567,"longitude":-49.5961},"Status":"ACCEPTABLE"}
{"Timestamp":"2020-01-01T00:01:24Z","SensorId":"air_quality_0068","SensorType":"air_quality","Readings":{"CO":23,"NO2":40,"PM10":10,"PM2_5":122,"ozone":120},"Location":{"latitude":-1.7016,"longitude":-175.2248},"Status":"ACCEPTABLE"}
{"Timestamp":"2020-01-01T00:00:45Z","SensorId":"air_quality_0017","SensorType":"air_quality","Readings":{"CO":23,"NO2":24,"PM10":283,"PM2_5":104,"ozone":12},"Location":{"latitude":-58.9334,"longitude":107.7824},"Status":"MODERATE"}
{"Timestamp":"2020-01-01T00:01:21Z","SensorId":"air_quality_0057","SensorType":"air_quality","Readings":{"CO":35,"NO2":87,"PM10":299,"PM2_5":25,"ozone":135},"Location":{"latitude":53.7714,"longitude":92.27},"Status":"MODERATE"}
{"Timestamp":"2020-01-01T00:00:37Z","SensorId":"weather_0018","SensorType":"weather","Readings":{"humidity":87,"precipitation":3.57,"pressure":1003,"temperature":22.27,"wind_direction":"E","wind_speed":10.4},"Location":{"latitude":-68.8041,"longitude":-108.1655},"Status":"OK"}
{"Timestamp":"2020-01-01T00:01:32Z","SensorId":"weather_0069","SensorType":"weather","Readings":{"humidity":6,"precipitation":6.86,"pressure":984,"temperature":7.44,"wind_direction":"E","wind_speed":14.09},"Location":{"latitude":37.6916,"longitude":-36.2779},"Status":"OK"}
{"Timestamp":"2020-01-01T00:00:40Z","SensorId":"weather_0027","SensorType":"weather","Readings":{"humidity":91,"precipitation":8.34,"pressure":1010,"temperature":18.43,"wind_direction":"E","wind_speed":6.67},"Location":{"latitude":-67.7689,"longitude":162.8785},"Status":"WARNING"}
{"Timestamp":"2020-01-01T00:01:16Z","SensorId":"weather_0058","SensorType":"weather","Readings":{"humidity":47,"precipitation":9.23,"pressure":972,"temperature":0.28,"wind_direction":"S","wind_speed":19.26},"Location":{"latitude":6.0782,"longitude":45.4266},"Status":"OK"}
{"Timestamp":"2020-01-01T00:01:27Z","SensorId":"air_quality_0069","SensorType":"air_quality","Readings":{"CO":14,"NO2":32,"PM10":39,"PM2_5":59,"ozone":140},"Location":{"latitude":-42.8386,"longitude":56.916},"Status":"ACCEPTABLE"}
{"Timestamp":"2020-01-01T00:01:25Z","SensorId":"air_quality_0058","SensorType":"air_quality","Readings":{"CO":12,"NO2":92,"PM10":191,"PM2_5":90,"ozone":84},"Location":{"latitude":-9.0479,"longitude":135.0445},"Status":"MODERATE"}
{"Timestamp":"2020-01-01T00:01:35Z","SensorId":"weather_0070","SensorType":"weather","Readings":{"humidity":67,"precipitation":0.01,"pressure":989,"temperature":5.43,"wind_direction":"SW","wind_speed":46.15},"Location":{"latitude":68.369,"longitude":135.9266},"Status":"OK"}
{"Timestamp":"2020-01-01T00:01:47Z","SensorId":"weather_0078","SensorType":"weather","Readings":{"humidity":40,"precipitation":2.2,"pressure":981,"temperature":16.07,"wind_direction":"NW","wind_speed":10.85},"Location":{"latitude":24.2393,"longitude":-58.1474},"Status":"OK"}
{"Timestamp":"2020-01-01T00:01:03Z","SensorId":"air_quality_0040","SensorType":"air_quality","Readings":{"CO":18,"NO2":42,"PM10":150,"PM2_5":22,"ozone":70},"Location":{"latitude":-84.6707,"longitude":-14.7983},"Status":"ACCEPTABLE"}
{"Timestamp":"2020-01-01T00:01:12Z","SensorId":"weather_0059","SensorType":"weather","Readings":{"humidity":70,"precipitation":9.36,"pressure":984,"temperature":34.74,"wind_direction":"E","wind_speed":14.68},"Location":{"latitude":-57.5324,"longitude":165.3283},"Status":"WARNING"}
{"Timestamp":"2020-01-01T00:01:40Z","SensorId":"air_quality_0070","SensorType":"air_quality","Readings":{"CO":16,"NO2":44,"PM10":67,"PM2_5":64,"ozone":27},"Location":{"latitude":-52.3919,"longitude":-4.3609},"Status":"ACCEPTABLE"}
{"Timestamp":"2020-01-01T00:01:37Z","SensorId":"air_quality_0078","SensorType":"air_quality","Readings":{"CO":5,"NO2":35,"PM10":315,"PM2_5":2,"ozone":87},"Location":{"latitude":-50.8049,"longitude":170.1304},"Status":"SAFE"}
{"Timestamp":"2020-01-01T00:01:11Z","SensorId":"air_quality_0059","SensorType":"air_quality","Readings":{"CO":37,"NO2":0,"PM10":177,"PM2_5":97,"ozone":54},"Location":{"latitude":20.1039,"longitude":-141.7271},"Status":"ACCEPTABLE"}
{"Timestamp":"2020-01-01T00:00:57Z","SensorId":"weather_0041","SensorType":"weather","Readings":{"humidity":60,"precipitation":null,"pressure":1006,"temperature":10.53,"wind_direction":"N","wind_speed":8.19},"Location":{"latitude":83.2197,"longitude":81.7483},"Status":"ERROR"}
{"Timestamp":"2020-01-01T00:01:36Z","SensorId":"weather_0079","SensorType":"weather","Readings":{"humidity":91,"precipitation":6.63,"pressure":1017,"temperature":25.41,"wind_direction":"SW","wind_speed":41.53},"Location":{"latitude":75.4429,"longitude":-47.2684},"Status":"WARNING"}
{"Timestamp":"2020-01-01T00:01:16Z","SensorId":"weather_0060","SensorType":"weather","Readings":{"humidity":76,"precipitation":2.89,"pressure":1041,"temperature":24.69,"wind_direction":"NW","wind_speed":11.76},"Location":{"latitude":36.1142,"longitude":19.8005},"Status":"OK"}
{"Timestamp":"2020-01-01T00:01:29Z","SensorId":"weather_0071","SensorType":"weather","Readings":{"humidity":89,"precipitation":4.39,"pressure":1037,"temperature":12.43,"wind_direction":"E","wind_speed":5.02},"Location":{"latitude":29.5292,"longitude":97.0028},"Status":"OK"}
{"Timestamp":"2020-01-01T00:01:42Z","SensorId":"air_quality_0079","SensorType":"air_quality","Readings":{"CO":0,"NO2":38,"PM10":366,"PM2_5":48,"ozone":24},"Location":{"latitude":85.21,"longitude":-19.5298},"Status":"ACCEPTABLE"}
{"Timestamp":"2020-01-01T00:01:44Z","SensorId":"air_quality_0086","SensorType":"air_quality","Readings":{"CO":1,"NO2":101,"PM10":157,"PM2_5":35,"ozone":53},"Location":{"latitude":-29.1993,"longitude":124.7207},"Status":"ACCEPTABLE"}
{"Timestamp":"2020-01-01T00:01:24Z","SensorId":"air_quality_0060","SensorType":"air_quality","Readings":{"CO":6,"NO2":72,"PM10":252,"PM2_5":9,"ozone":166},"Location":{"latitude":83.2121,"longitude":-91.6976},"Status":"MODERATE"}
{"Timestamp":"2020-01-01T00:01:40Z","SensorId":"air_quality_0071","SensorType":"air_quality","Readings":{"CO":18,"NO2":3,"PM10":212,"PM2_5":119,"ozone":142},"Location":{"latitude":51.1943,"longitude":-38.0674},"Status":"MODERATE"}
{"Timestamp":"2020-01-01T00:01:38Z","SensorId":"weather_0087","SensorType":"weather","Readings":{"humidity":5,"precipitation":4.37,"pressure":1026,"temperature":18.86,"wind_direction":"SE","wind_speed":54.63},"Location":{"latitude":35.5113,"longitude":-49.7597},"Status":"OK"}
{"Timestamp":"2020-01-01T00:01:22Z","SensorId":"weather_0072","SensorType":"weather","Readings":{"humidity":96,"precipitation":8.51,"pressure":985,"temperature":9.85,"wind_direction":"E","wind_speed":53.08},"Location":{"latitude":50.9361,"longitude":-129.4859},"Status":"WARNING"}
{"Timestamp":"2020-01-01T00:01:01Z","SensorId":"air_quality_0045","SensorType":"air_quality","Readings":{"CO":20,"NO2":41,"PM10":195,"PM2_5":72,"ozone":29},"Location":{"latitude":3.0169,"longitude":138.1029},"Status":"MODERATE"}
{"Timestamp":"2020-01-01T00:01:55Z","SensorId":"air_quality_0087","SensorType":"air_quality","Readings":{"CO":35,"NO2":33,"PM10":133,"PM2_5":1,"ozone":197},"Location":{"latitude":14.4641,"longitude":150.4987},"Status":"ACCEPTABLE"}
{"Timestamp":"2020-01-01T00:01:22Z","SensorId":"air_quality_0072","SensorType":"air_quality","Readings":{"CO":38,"NO2":98,"PM10":241,"PM2_5":37,"ozone":133},"Location":{"latitude":-0.9273,"longitude":-44.5366},"Status":"MODERATE"}
{"Timestamp":"2020-01-01T00:01:07Z","SensorId":"weather_0046","SensorType":"weather","Readings":{"humidity":49,"precipitation":1.23,"pressure":1018,"temperature":0.88,"wind_direction":"W","wind_speed":null},"Location":{"latitude":-55.3698,"longitude":87.7531},"Status":"ERROR"}
{"Timestamp":"2020-01-01T00:01:48Z","SensorId":"weather_0088","SensorType":"weather","Readings":{"humidity":3,"precipitation":6.96,"pressure":1020,"temperature":25.41,"wind_direction":"N","wind_speed":42.99},"Location":{"latitude":32.6845,"longitude":-14.2024},"Status":"OK"}
{"Timestamp":"2020-01-01T00:01:09Z","SensorId":"air_quality_0046","SensorType":"air_quality","Readings":{"CO":39,"NO2":106,"PM10":188,"PM2_5":58,"ozone":32},"Location":{"latitude":-24.8401,"longitude":-78.5343},"Status":"DANGEROUS"}
{"Timestamp":"2020-01-01T00:01:40Z","SensorId":"weather_0080","SensorType":"weather","Readings":{"humidity":50,"precipitation":4.44,"pressure":976,"temperature":5.22,"wind_direction":"E","wind_speed":6.14},"Location":{"latitude":42.2204,"longitude":78.9639},"Status":"OK"}
{"Timestamp":"2020-01-01T00:01:30Z","SensorId":"weather_0061","SensorType":"weather","Readings":{"humidity":70,"precipitation":0.32,"pressure":1040,"temperature":21.98,"wind_direction":"SW","wind_speed":55.48},"Location":{"latitude":-89.8834,"longitude":-63.9775},"Status":"OK"}
{"Timestamp":"2020-01-01T00:00:59Z","SensorId":"weather_0047","SensorType":"weather","Readings":{"humidity":93,"precipitation":0.34,"pressure":1015,"temperature":30.63,"wind_direction":"N","wind_speed":7.96},"Location":{"latitude":-6.4541,"longitude":-164.3847},"Status":"WARNING"}
{"Timestamp":"2020-01-01T00:01:57Z","SensorId":"air_quality_0088","SensorType":"air_quality","Readings":{"CO":27,"NO2":38,"PM10":28,"PM2_5":95,"ozone":26},"Location":{"latitude":-38.6518,"longitude":-58.6529},"Status":"ACCEPTABLE"}
{"Timestamp":"2020-01-01T00:01:50Z","SensorId":"air_quality_0080","SensorType":"air_quality","Readings":{"CO":33,"NO2":29,"PM10":280,"PM2_5":61,"ozone":88},"Location":{"latitude":-77.8104,"longitude":-21.3114},"Status":"MODERATE"}
{"Timestamp":"2020-01-01T00:01:17Z","SensorId":"air_quality_0047","SensorType":"air_quality","Readings":{"CO":38,"NO2":23,"PM10":117,"PM2_5":53,"ozone":43},"Location":{"latitude":-37.5486,"longitude":41.6559},"Status":"ACCEPTABLE"}
{"Timestamp":"2020-01-01T00:01:17Z","SensorId":"air_quality_0061","SensorType":"air_quality","Readings":{"CO":11,"NO2":113,"PM10":254,"PM2_5":83,"ozone":75},"Location":{"latitude":-35.3817,"longitude":150.2463},"Status":"MODERATE"}
{"Timestamp":"2020-01-01T00:01:33Z","SensorId":"weather_0081","SensorType":"weather","Readings":{"humidity":34,"precipitation":8.12,"pressure":967,"temperature":30.3,"wind_direction":"N","wind_speed":42.44},"Location":{"latitude":-4.9282,"longitude":-1.042},"Status":"OK"}
{"Timestamp":"2020-01-01T00:01:56Z","SensorId":"weather_0089","SensorType":"weather","Readings":{"humidity":16,"precipitation":5.36,"pressure":962,"temperature":27,"wind_direction":"S","wind_speed":56.32},"Location":{"latitude":62.7476,"longitude":80.5597},"Status":"OK"}
{"Timestamp":"2020-01-01T00:01:37Z","SensorId":"weather_0073","SensorType":"weather","Readings":{"humidity":20,"precipitation":3.48,"pressure":1049,"temperature":4.75,"wind_direction":"NW","wind_speed":6.62},"Location":{"latitude":-29.9129,"longitude":28.3812},"Status":"OK"}
{"Timestamp":"2020-01-01T00:00:49Z","SensorId":"weather_0030","SensorType":"weather","Readings":{"humidity":42,"precipitation":6.13,"pressure":968,"temperature":21.6,"wind_direction":"S","wind_speed":43.37},"Location":{"latitude":-41.0337,"longitude":-47.3771},"Status":"OK"}
{"Timestamp":"2020-01-01T00:01:44Z","SensorId":"air_quality_0081","SensorType":"air_quality","Readings":{"CO":9,"NO2":15,"PM10":201,"PM2_5":46,"ozone":77},"Location":{"latitude":57.6665,"longitude":78.4456},"Status":"SAFE"}
{"Timestamp":"2020-01-01T00:01:59Z","SensorId":"air_quality_0089","SensorType":"air_quality","Readings":{"CO":21,"NO2":92,"PM10":0,"PM2_5":101,"ozone":35},"Location":{"latitude":39.7526,"longitude":179.9159},"Status":"MODERATE"}
{"Timestamp":"2020-01-01T00:01:18Z","SensorId":"weather_0062","SensorType":"weather","Readings":{"humidity":33,"precipitation":8.6,"pressure":1037,"temperature":27.37,"wind_direction":"NW","wind_speed":28.78},"Location":{"latitude":61.9863,"longitude":49.8015},"Status":"OK"}
{"Timestamp":"2020-01-01T00:00:43Z","SensorId":"air_quality_0030","SensorType":"air_quality","Readings":{"CO":38,"NO2":31,"PM10":226,"PM2_5":38,"ozone":123},"Location":{"latitude":86.046,"longitude":-89.5033},"Status":"ACCEPTABLE"}
{"Timestamp":"2020-01-01T00:01:35Z","SensorId":"weather_0082","SensorType":"weather","Readings":{"humidity":47,"precipitation":4.66,"pressure":1020,"temperature":5.9,"wind_direction":"SW","wind_speed":11.29},"Location":{"latitude":88.4956,"longitude":58.0255},"Status":"OK"}
{"Timestamp":"2020-01-01T00:01:50Z","SensorId":"weather_0090","SensorType":"weather","Readings":{"humidity":29,"precipitation":8.51,"pressure":1033,"temperature":25.07,"wind_direction":"S","wind_speed":33.35},"Location":{"latitude":7.9003,"longitude":-101.1438},"Status":"OK"}
{"Timestamp":"2020-01-01T00:01:23Z","SensorId":"air_quality_0062","SensorType":"air_quality","Readings":{"CO":22,"NO2":38,"PM10":155,"PM2_5":16,"ozone":3},"Location":{"latitude":-89.555,"longitude":67.0712},"Status":"ACCEPTABLE"}
{"Timestamp":"2020-01-01T00:01:05Z","SensorId":"weather_0048","SensorType":"weather","Readings":{"humidity":82,"precipitation":5.48,"pressure":990,"temperature":22.63,"wind_direction":"E","wind_speed":49.95},"Location":{"latitude":23.674,"longitude":-53.1256},"Status":"OK"}
{"Timestamp":"2020-01-01T00:00:58Z","SensorId":"weather_0031","SensorType":"weather","Readings":{"humidity":59,"precipitation":9.4,"pressure":993,"temperature":13.26,"wind_direction":"W","wind_speed":25.34},"Location":{"latitude":-89.8024,"longitude":-116.6711},"Status":"OK"}
{"Timestamp":"2020-01-01T00:01:32Z","SensorId":"air_quality_0082","SensorType":"air_quality","Readings":{"CO":10,"NO2":20,"PM10":8,"PM2_5":95,"ozone":13},"Location":{"latitude":56.6794,"longitude":93.9052},"Status":"ACCEPTABLE"}
{"Timestamp":"2020-01-01T00:01:13Z","SensorId":"air_quality_0048","SensorType":"air_quality","Readings":{"CO":14,"NO2":102,"PM10":177,"PM2_5":105,"ozone":71},"Location":{"latitude":-21.6619,"longitude":-165.7311},"Status":"MODERATE"}
{"Timestamp":"2020-01-01T00:00:50Z","SensorId":"air_quality_0031","SensorType":"air_quality","Readings":{"CO":30,"NO2":3,"PM10":39,"PM2_5":91,"ozone":159},"Location":{"latitude":-18.3967,"longitude":43.6635},"Status":"MODERATE"}
{"Timestamp":"2020-01-01T00:01:54Z","SensorId":"air_quality_0090","SensorType":"air_quality","Readings":{"CO":12,"NO2":23,"PM10":346,"PM2_5":99,"ozone":130},"Location":{"latitude":-82.7182,"longitude":-122.7062},"Status":"MODERATE"}
{"Timestamp":"2020-01-01T00:02:49Z","SensorId":"weather_0147","SensorType":"weather","Readings":{"humidity":79,"precipitation":4.12,"pressure":1040,"temperature":16.63,"wind_direction":"SW","wind_speed":3.4},"Location":{"latitude":38.7585,"longitude":177.6642},"Status":"OK"}
{"Timestamp":"2020-01-01T00:01:10Z","SensorId":"weather_0049","SensorType":"weather","Readings":{"humidity":79,"precipitation":3.88,"pressure":1033,"temperature":22.91,"wind_direction":"W","wind_speed":34.55},"Location":{"latitude":-10.156,"longitude":-131.1277},"Status":"OK"}
{"Timestamp":"2020-01-01T00:00:59Z","SensorId":"weather_0032","SensorType":"weather","Readings":{"humidity":0,"precipitation":5.43,"pressure":995,"temperature":28.96,"wind_direction":"S","wind_speed":57.86},"Location":{"latitude":41.5433,"longitude":13.8307},"Status":"OK"}
{"Timestamp":"2020-01-01T00:01:58Z","SensorId":"weather_0091","SensorType":"weather","Readings":{"humidity":89,"precipitation":0.46,"pressure":1015,"temperature":5.03,"wind_direction":"E","wind_speed":2.5},"Location":{"latitude":40.7777,"longitude":-119.6154},"Status":"OK"}
{"Timestamp":"2020-01-01T00:00:46Z","SensorId":"air_quality_0032","SensorType":"air_quality","Readings":{"CO":34,"NO2":96,"PM10":169,"PM2_5":42,"ozone":82},"Location":{"latitude":-47.8532,"longitude":-138.9462},"Status":"MODERATE"}
{"Timestamp":"2020-01-01T00:01:40Z","SensorId":"weather_0083","SensorType":"weather","Readings":{"humidity":29,"precipitation":null,"pressure":1047,"temperature":29.48,"wind_direction":"NE","wind_speed":26.69},"Location":{"latitude":69.6377,"longitude":-2.0791},"Status":"ERROR"}
{"Timestamp":"2020-01-01T00:01:06Z","SensorId":"air_quality_0049","SensorType":"air_quality","Readings":{"CO":6,"NO2":84,"PM10":158,"PM2_5":71,"ozone":134},"Location":{"latitude":62.2813,"longitude":66.8568},"Status":"MODERATE"}
{"Timestamp":"2020-01-01T00:01:51Z","SensorId":"air_quality_0091","SensorType":"air_quality","Readings":{"CO":5,"NO2":0,"PM10":20,"PM2_5":14,"ozone":60},"Location":{"latitude":67.3855,"longitude":-87.6346},"Status":"SAFE"}
{"Timestamp":"2020-01-01T00:00:55Z","SensorId":"weather_0033","SensorType":"weather","Readings":{"humidity":37,"precipitation":5.22,"pressure":951,"temperature":16.74,"wind_direction":"N","wind_speed":30.89},"Location":{"latitude":8.9866,"longitude":178.1918},"Status":"OK"}
{"Timestamp":"2020-01-01T00:01:43Z","SensorId":"air_quality_0083","SensorType":"air_quality","Readings":{"CO":19,"NO2":24,"PM10":290,"PM2_5":93,"ozone":186},"Location":{"latitude":72.4728,"longitude":71.381},"Status":"MODERATE"}
{"Timestamp":"2020-01-01T00:01:04Z","SensorId":"weather_0050","SensorType":"weather","Readings":{"humidity":35,"precipitation":1.7,"pressure":1041,"temperature":24.18,"wind_direction":"W","wind_speed":49.6},"Location":{"latitude":-66.5318,"longitude":3.0858},"Status":"OK"}
{"Timestamp":"2020-01-01T00:01:57Z","SensorId":"weather_0092","SensorType":"weather","Readings":{"humidity":44,"precipitation":5.91,"pressure":1026,"temperature":7.22,"wind_direction":"NE","wind_speed":31},"Location":{"latitude":-18.9413,"longitude":6.9856},"Status":"OK"}
{"Timestamp":"2020-01-01T00:00:49Z","SensorId":"air_quality_0033","SensorType":"air_quality","Readings":{"CO":8,"NO2":85,"PM10":84,"PM2_5":72,"ozone":53},"Location":{"latitude":-54.9741,"longitude":-136.9965},"Status":"ACCEPTABLE"}
{"Timestamp":"2020-01-01T00:01:52Z","SensorId":"weather_0084","SensorType":"weather","Readings":{"humidity":86,"precipitation":5.82,"pressure":964,"temperature":34.17,"wind_direction":"E","wind_speed":42},"Location":{"latitude":15.2177,"longitude":165.7341},"Status":"WARNING"}
{"Timestamp":"2020-01-01T00:01:00Z","SensorId":"air_quality_0050","SensorType":"air_quality","Readings":{"CO":29,"NO2":45,"PM10":97,"PM2_5":93,"ozone":25},"Location":{"latitude":8.831,"longitude":15.4971},"Status":"ACCEPTABLE"}
{"Timestamp":"2020-01-01T00:01:50Z","SensorId":"air_quality_0084","SensorType":"air_quality","Readings":{"CO":15,"NO2":109,"PM10":205,"PM2_5":118,"ozone":34},"Location":{"latitude":-32.9923,"longitude":177.3421},"Status":"MODERATE"}
{"Timestamp":"2020-01-01T00:01:35Z","SensorId":"air_quality_0073","SensorType":"air_quality","Readings":{"CO":25,"NO2":16,"PM10":111,"PM2_5":22,"ozone":22},"Location":{"latitude":11.7702,"longitude":-163.7098},"Status":"ACCEPTABLE"}
{"Timestamp":"2020-01-01T00:01:45Z","SensorId":"air_quality_0092","SensorType":"air_quality","Readings":{"CO":25,"NO2":66,"PM10":73,"PM2_5":78,"ozone":112},"Location":{"latitude":50.2673,"longitude":-53.314},"Status":"MODERATE"}
{"Timestamp":"2020-01-01T00:01:11Z","SensorId":"weather_0051","SensorType":"weather","Readings":{"humidity":41,"precipitation":8.22,"pressure":951,"temperature":7.84,"wind_direction":"E","wind_speed":6.28},"Location":{"latitude":2.435,"longitude":-139.9033},"Status":"OK"}
{"Timestamp":"2020-01-01T00:01:39Z","SensorId":"weather_0085","SensorType":"weather","Readings":{"humidity":40,"precipitation":9.02,"pressure":990,"temperature":2.9,"wind_direction":"SW","wind_speed":null},"Location":{"latitude":68.4106,"longitude":9.7496},"Status":"ERROR"}
{"Timestamp":"2020-01-01T00:01:24Z","SensorId":"weather_0074","SensorType":"weather","Readings":{"humidity":60,"precipitation":4.3,"pressure":960,"temperature":22.39,"wind_direction":"N","wind_speed":36.83},"Location":{"latitude":-35.5195,"longitude":148.0895},"Status":"OK"}
{"Timestamp":"2020-01-01T00:01:51Z","SensorId":"weather_0093","SensorType":"weather","Readings":{"humidity":36,"precipitation":0.29,"pressure":977,"temperature":12.44,"wind_direction":"SW","wind_speed":43.2},"Location":{"latitude":7.2719,"longitude":-5.8439},"Status":"OK"}
{"Timestamp":"2020-01-01T00:01:03Z","SensorId":"air_quality_0051","SensorType":"air_quality","Readings":{"CO":12,"NO2":61,"PM10":168,"PM2_5":66,"ozone":158},"Location":{"latitude":5.749,"longitude":81.087},"Status":"MODERATE"}
{"Timestamp":"2020-01-01T00:01:30Z","SensorId":"air_quality_0074","SensorType":"air_quality","Readings":{"CO":11,"NO2":73,"PM10":101,"PM2_5":54,"ozone":173},"Location":{"latitude":35.6614,"longitude":-147.041},"Status":"MODERATE"}
{"Timestamp":"2020-01-01T00:01:44Z","SensorId":"air_quality_0085","SensorType":"air_quality","Readings":{"CO":9,"NO2":111,"PM10":137,"PM2_5":57,"ozone":42},"Location":{"latitude":-63.1641,"longitude":-125.664},"Status":"ACCEPTABLE"}
{"Timestamp":"2020-01-01T00:01:28Z","SensorId":"weather_0075","SensorType":"weather","Readings":{"humidity":8,"precipitation":6.81,"pressure":988,"temperature":32.49,"wind_direction":"NE","wind_speed":45.96},"Location":{"latitude":41.136,"longitude":167.9243},"Status":"WARNING"}
{"Timestamp":"2020-01-01T00:01:22Z","SensorId":"weather_0052","SensorType":"weather","Readings":{"humidity":45,"precipitation":1.83,"pressure":1040,"temperature":6.67,"wind_direction":"S","wind_speed":13},"Location":{"latitude":-75.502,"longitude":1.9733},"Status":"OK"}
{"Timestamp":"2020-01-01T00:01:48Z","SensorId":"air_quality_0093","SensorType":"air_quality","Readings":{"CO":12,"NO2":101,"PM10":204,"PM2_5":111,"ozone":37},"Location":{"latitude":35.8902,"longitude":-168.893},"Status":"MODERATE"}
{"Timestamp":"2020-01-01T00:01:34Z","SensorId":"air_quality_0075","SensorType":"air_quality","Readings":{"CO":10,"NO2":17,"PM10":331,"PM2_5":6,"ozone":0},"Location":{"latitude":86.7907,"longitude":-143.8041},"Status":"ACCEPTABLE"}
{"Timestamp":"2020-01-01T00:00:41Z","SensorId":"air_quality_0027","SensorType":"air_quality","Readings":{"CO":27,"NO2":54,"PM10":117,"PM2_5":96,"ozone":70},"Location":{"latitude":10.7552,"longitude":-159.982},"Status":"MODERATE"}
{"Timestamp":"2020-01-01T00:01:28Z","SensorId":"weather_0076","SensorType":"weather","Readings":{"humidity":67,"precipitation":1.67,"pressure":986,"temperature":11.44,"wind_direction":"NW","wind_speed":51.89},"Location":{"latitude":-15.0615,"longitude":-146.7992},"Status":"OK"}
{"Timestamp":"2020-01-01T00:01:24Z","SensorId":"weather_0063","SensorType":"weather","Readings":{"humidity":19,"precipitation":9.61,"pressure":989,"temperature":34.17,"wind_direction":"SW","wind_speed":47.29},"Location":{"latitude":6.6928,"longitude":-125.7114},"Status":"WARNING"}
{"Timestamp":"2020-01-01T00:01:30Z","SensorId":"air_quality_0063","SensorType":"air_quality","Readings":{"CO":3,"NO2":58,"PM10":337,"PM2_5":108,"ozone":191},"Location":{"latitude":-2.8136,"longitude":-105.925},"Status":"MODERATE"}
{"Timestamp":"2020-01-01T00:01:28Z","SensorId":"air_quality_0076","SensorType":"air_quality","Readings":{"CO":6,"NO2":23,"PM10":333,"PM2_5":35,"ozone":47},"Location":{"latitude":35.5081,"longitude":138.4527},"Status":"SAFE"}
{"Timestamp":"2020-01-01T00:01:44Z","SensorId":"weather_0094","SensorType":"weather","Readings":{"humidity":52,"precipitation":9.07,"pressure":973,"temperature":24.35,"wind_direction":"W","wind_speed":3.83},"Location":{"latitude":-75.0022,"longitude":-157.0486},"Status":"OK"}
{"Timestamp":"2020-01-01T00:01:43Z","SensorId":"weather_0086","SensorType":"weather","Readings":{"humidity":53,"precipitation":5.64,"pressure":993,"temperature":26.51,"wind_direction":"W","wind_speed":53.73},"Location":{"latitude":39.2553,"longitude":-58.149},"Status":"OK"}
{"Timestamp":"2020-01-01T00:01:15Z","SensorId":"weather_0064","SensorType":"weather","Readings":{"humidity":93,"precipitation":8.55,"pressure":1016,"temperature":0.22,"wind_direction":"NE","wind_speed":2.26},"Location":{"latitude":-9.6454,"longitude":-142.1755},"Status":"WARNING"}
{"Timestamp":"2020-01-01T00:01:36Z","SensorId":"weather_0077","SensorType":"weather","Readings":{"humidity":13,"precipitation":5,"pressure":996,"temperature":10.33,"wind_direction":"SE","wind_speed":4.15},"Location":{"latitude":56.8889,"longitude":-99.2559},"Status":"OK"}
{"Timestamp":"2020-01-01T00:02:12Z","SensorId":"air_quality_0122","SensorType":"air_quality","Readings":{"CO":28,"NO2":55,"PM10":31,"PM2_5":20,"ozone":160},"Location":{"latitude":-20.3744,"longitude":78.0988},"Status":"MODERATE"}
{"Timestamp":"2020-01-01T00:01:36Z","SensorId":"air_quality_0077","SensorType":"air_quality","Readings":{"CO":33,"NO2":23,"PM10":171,"PM2_5":67,"ozone":42},"Location":{"latitude":72.4477,"longitude":-89.5488},"Status":"MODERATE"}
{"Timestamp":"2020-01-01T00:02:30Z","SensorId":"weather_0123","SensorType":"weather","Readings":{"humidity":44,"precipitation":9.11,"pressure":973,"temperature":20.46,"wind_direction":"SW","wind_speed":43.11},"Location":{"latitude":-45.9321,"longitude":-28.679},"Status":"OK"}
{"Timestamp":"2020-01-01T00:02:17Z","SensorId":"air_quality_0109","SensorType":"air_quality","Readings":{"CO":36,"NO2":39,"PM10":294,"PM2_5":106,"ozone":68},"Location":{"latitude":49.4304,"longitude":-115.7503},"Status":"ACCEPTABLE"}
{"Timestamp":"2020-01-01T00:02:02Z","SensorId":"air_quality_0094","SensorType":"air_quality","Readings":{"CO":3,"NO2":83,"PM10":74,"PM2_5":32,"ozone":84},"Location":{"latitude":-30.3259,"longitude":-178.3382},"Status":"SAFE"}
{"Timestamp":"2020-01-01T00:01:18Z","SensorId":"air_quality_0064","SensorType":"air_quality","Readings":{"CO":34,"NO2":83,"PM10":76,"PM2_5":42,"ozone":94},"Location":{"latitude":66.5561,"longitude":-34.5584},"Status":"ACCEPTABLE"}
{"Timestamp":"2020-01-01T00:02:29Z","SensorId":"air_quality_0123","SensorType":"air_quality","Readings":{"CO":1,"NO2":52,"PM10":167,"PM2_5":11,"ozone":142},"Location":{"latitude":62.7731,"longitude":7.1455},"Status":"MODERATE"}
{"Timestamp":"2020-01-01T00:01:16Z","SensorId":"air_quality_0052","SensorType":"air_quality","Readings":{"CO":32,"NO2":8,"PM10":366,"PM2_5":36,"ozone":124},"Location":{"latitude":-12.0309,"longitude":70.3189},"Status":"ACCEPTABLE"}
{"Timestamp":"2020-01-01T00:02:02Z","SensorId":"weather_0095","SensorType":"weather","Readings":{"humidity":79,"precipitation":0.09,"pressure":961,"temperature":12.96,"wind_direction":"E","wind_speed":3.55},"Location":{"latitude":-62.3669,"longitude":151.5002},"Status":"OK"}
{"Timestamp":"2020-01-01T00:02:34Z","SensorId":"weather_0134","SensorType":"weather","Readings":{"humidity":48,"precipitation":8.53,"pressure":984,"temperature":15.85,"wind_direction":"NE","wind_speed":27.07},"Location":{"latitude":-87.613,"longitude":-105.0899},"Status":"OK"}
{"Timestamp":"2020-01-01T00:02:27Z","SensorId":"weather_0124","SensorType":"weather","Readings":{"humidity":18,"precipitation":null,"pressure":952,"temperature":5.9,"wind_direction":"W","wind_speed":14.65},"Location":{"latitude":41.5974,"longitude":81.0428},"Status":"ERROR"}
{"Timestamp":"2020-01-01T00:01:05Z","SensorId":"weather_0053","SensorType":"weather","Readings":{"humidity":73,"precipitation":3.41,"pressure":955,"temperature":26.1,"wind_direction":"NW","wind_speed":51.09},"Location":{"latitude":-57.6717,"longitude":-85.756},"Status":"OK"}
{"Timestamp":"2020-01-01T00:01:46Z","SensorId":"air_quality_0095","SensorType":"air_quality","Readings":{"CO":24,"NO2":62,"PM10":15,"PM2_5":98,"ozone":163},"Location":{"latitude":-29.5726,"longitude":176.8586},"Status":"MODERATE"}
{"Timestamp":"2020-01-01T00:02:26Z","SensorId":"air_quality_0124","SensorType":"air_quality","Readings":{"CO":29,"NO2":29,"PM10":250,"PM2_5":67,"ozone":78},"Location":{"latitude":-84.7323,"longitude":146.3047},"Status":"MODERATE"}
{"Timestamp":"2020-01-01T00:02:33Z","SensorId":"air_quality_0134","SensorType":"air_quality","Readings":{"CO":30,"NO2":84,"PM10":24,"PM2_5":114,"ozone":157},"Location":{"latitude":1.1264,"longitude":-62.0014},"Status":"MODERATE"}
{"Timestamp":"2020-01-01T00:02:10Z","SensorId":"weather_0110","SensorType":"weather","Readings":{"humidity":14,"precipitation":5.95,"pressure":1032,"temperature":8.23,"wind_direction":"S","wind_speed":8.78},"Location":{"latitude":-29.5003,"longitude":141.1577},"Status":"OK"}
{"Timestamp":"2020-01-01T00:02:26Z","SensorId":"weather_0125","SensorType":"weather","Readings":{"humidity":47,"precipitation":0.05,"pressure":969,"temperature":5.18,"wind_direction":"W","wind_speed":4.6},"Location":{"latitude":9.3501,"longitude":18.8541},"Status":"OK"}
{"Timestamp":"2020-01-01T00:01:51Z","SensorId":"weather_0096","SensorType":"weather","Readings":{"humidity":6,"precipitation":2.56,"pressure":1022,"temperature":12.63,"wind_direction":"SE","wind_speed":55.39},"Location":{"latitude":-55.6193,"longitude":-178.3264},"Status":"OK"}
{"Timestamp":"2020-01-01T00:00:48Z","SensorId":"weather_0034","SensorType":"weather","Readings":{"humidity":52,"precipitation":4.58,"pressure":1013,"temperature":8,"wind_direction":"NW","wind_speed":39.67},"Location":{"latitude":5.6507,"longitude":-61.4784},"Status":"OK"}
{"Timestamp":"2020-01-01T00:02:24Z","SensorId":"air_quality_0125","SensorType":"air_quality","Readings":{"CO":8,"NO2":60,"PM10":103,"PM2_5":102,"ozone":48},"Location":{"latitude":75.5335,"longitude":62.873},"Status":"MODERATE"}
{"Timestamp":"2020-01-01T00:00:47Z","SensorId":"air_quality_0034","SensorType":"air_quality","Readings":{"CO":14,"NO2":72,"PM10":142,"PM2_5":83,"ozone":18},"Location":{"latitude":8.9334,"longitude":-32.2947},"Status":"MODERATE"}
{"Timestamp":"2020-01-01T00:01:34Z","SensorId":"weather_0065","SensorType":"weather","Readings":{"humidity":64,"precipitation":4.11,"pressure":1025,"temperature":27.55,"wind_direction":"SW","wind_speed":53.92},"Location":{"latitude":68.4235,"longitude":144.1271},"Status":"OK"}
{"Timestamp":"2020-01-01T00:02:11Z","SensorId":"air_quality_0110","SensorType":"air_quality","Readings":{"CO":1,"NO2":11,"PM10":120,"PM2_5":117,"ozone":129},"Location":{"latitude":-30.6241,"longitude":34.6729},"Status":"MODERATE"}
{"Timestamp":"2020-01-01T00:01:31Z","SensorId":"air_quality_0065","SensorType":"air_quality","Readings":{"CO":32,"NO2":79,"PM10":233,"PM2_5":91,"ozone":2},"Location":{"latitude":74.9575,"longitude":156.1997},"Status":"MODERATE"}
{"Timestamp":"2020-01-01T00:02:38Z","SensorId":"weather_0144","SensorType":"weather","Readings":{"humidity":23,"precipitation":0.03,"pressure":1046,"temperature":32.16,"wind_direction":"N","wind_speed":22.25},"Location":{"latitude":-18.3268,"longitude":-15.9804},"Status":"OK"}
{"Timestamp":"2020-01-01T00:01:11Z","SensorId":"air_quality_0053","SensorType":"air_quality","Readings":{"CO":4,"NO2":107,"PM10":181,"PM2_5":56,"ozone":87},"Location":{"latitude":8.7859,"longitude":132.8493},"Status":"ACCEPTABLE"}
{"Timestamp":"2020-01-01T00:02:37Z","SensorId":"air_quality_0144","SensorType":"air_quality","Readings":{"CO":19,"NO2":106,"PM10":352,"PM2_5":10,"ozone":51},"Location":{"latitude":-68.2032,"longitude":-38.4459},"Status":"DANGEROUS"}
{"Timestamp":"2020-01-01T00:02:18Z","SensorId":"weather_0111","SensorType":"weather","Readings":{"humidity":33,"precipitation":8.43,"pressure":1002,"temperature":15.91,"wind_direction":"NW","wind_speed":56.46},"Location":{"latitude":43.401,"longitude":39.4968},"Status":"OK"}
{"Timestamp":"2020-01-01T00:01:16Z","SensorId":"weather_0054","SensorType":"weather","Readings":{"humidity":25,"precipitation":1.49,"pressure":999,"temperature":4.08,"wind_direction":"SE","wind_speed":52.79},"Location":{"latitude":-27.0571,"longitude":143.7762},"Status":"OK"}
{"Timestamp":"2020-01-01T00:01:51Z","SensorId":"air_quality_0096","SensorType":"air_quality","Readings":{"CO":0,"NO2":54,"PM10":322,"PM2_5":120,"ozone":18},"Location":{"latitude":-55.3577,"longitude":66.9154},"Status":"MODERATE"}
{"Timestamp":"2020-01-01T00:01:06Z","SensorId":"air_quality_0054","SensorType":"air_quality","Readings":{"CO":36,"NO2":75,"PM10":335,"PM2_5":122,"ozone":72},"Location":{"latitude":-3.8333,"longitude":84.8375},"Status":"DANGEROUS"}
{"Timestamp":"2020-01-01T00:01:25Z","SensorId":"weather_0066","SensorType":"weather","Readings":{"humidity":62,"precipitation":0.29,"pressure":1021,"temperature":25.12,"wind_direction":"E","wind_speed":35.57},"Location":{"latitude":-19.9412,"longitude":147.397},"Status":"OK"}
{"Timestamp":"2020-01-01T00:01:13Z","SensorId":"weather_0055","SensorType":"weather","Readings":{"humidity":98,"precipitation":4.43,"pressure":1036,"temperature":12.29,"wind_direction":"N","wind_speed":18.03},"Location":{"latitude":25.0095,"longitude":6.7383},"Status":"OK"}
{"Timestamp":"2020-01-01T00:02:07Z","SensorId":"weather_0097","SensorType":"weather","Readings":{"humidity":6,"precipitation":7.66,"pressure":977,"temperature":29.2,"wind_direction":"S","wind_speed":26.98},"Location":{"latitude":-31.2969,"longitude":111.5659},"Status":"OK"}
{"Timestamp":"2020-01-01T00:02:37Z","SensorId":"weather_0135","SensorType":"weather","Readings":{"humidity":79,"precipitation":7.08,"pressure":966,"temperature":8.56,"wind_direction":"W","wind_speed":0.4},"Location":{"latitude":-77.3168,"longitude":179.1688},"Status":"OK"}
{"Timestamp":"2020-01-01T00:01:28Z","SensorId":"air_quality_0066","SensorType":"air_quality","Readings":{"CO":38,"NO2":90,"PM10":373,"PM2_5":49,"ozone":192},"Location":{"latitude":21.4527,"longitude":-73.6431},"Status":"DANGEROUS"}
{"Timestamp":"2020-01-01T00:02:15Z","SensorId":"air_quality_0111","SensorType":"air_quality","Readings":{"CO":3,"NO2":50,"PM10":338,"PM2_5":116,"ozone":17},"Location":{"latitude":-28.4671,"longitude":-26.3211},"Status":"ACCEPTABLE"}
{"Timestamp":"2020-01-01T00:01:50Z","SensorId":"air_quality_0097","SensorType":"air_quality","Readings":{"CO":30,"NO2":11,"PM10":368,"PM2_5":40,"ozone":88},"Location":{"latitude":4.4485,"longitude":58.4786},"Status":"ACCEPTABLE"}
{"Timestamp":"2020-01-01T00:02:37Z","SensorId":"air_quality_0135","SensorType":"air_quality","Readings":{"CO":8,"NO2":27,"PM10":105,"PM2_5":11,"ozone":171},"Location":{"latitude":84.9567,"longitude":-31.137},"Status":"ACCEPTABLE"}
{"Timestamp":"2020-01-01T00:02:44Z","SensorId":"weather_0145","SensorType":"weather","Readings":{"humidity":54,"precipitation":0.9,"pressure":985,"temperature":21.85,"wind_direction":"SE","wind_speed":null},"Location":{"latitude":-88.3522,"longitude":-78.802},"Status":"ERROR"}
{"Timestamp":"2020-01-01T00:02:35Z","SensorId":"weather_0126","SensorType":"weather","Readings":{"humidity":67,"precipitation":0.93,"pressure":1043,"temperature":26.18,"wind_direction":"W","wind_speed":12.26},"Location":{"latitude":-47.3165,"longitude":167.1445},"Status":"OK"}
{"Timestamp":"2020-01-01T00:02:07Z","SensorId":"weather_0112","SensorType":"weather","Readings":{"humidity":80,"precipitation":8.03,"pressure":967,"temperature":0.88,"wind_direction":"W","wind_speed":43.49},"Location":{"latitude":41.9016,"longitude":-94.3534},"Status":"OK"}
{"Timestamp":"2020-01-01T00:02:16Z","SensorId":"air_quality_0126","SensorType":"air_quality","Readings":{"CO":6,"NO2":15,"PM10":106,"PM2_5":20,"ozone":157},"Location":{"latitude":-46.8531,"longitude":-32.9747},"Status":"ACCEPTABLE"}
{"Timestamp":"2020-01-01T00:02:56Z","SensorId":"weather_0161","SensorType":"weather","Readings":{"humidity":55,"precipitation":1.6,"pressure":982,"temperature":15.5,"wind_direction":"E","wind_speed":24.63},"Location":{"latitude":-3.6697,"longitude":-7.9033},"Status":"OK"}
{"Timestamp":"2020-01-01T00:02:12Z","SensorId":"air_quality_0112","SensorType":"air_quality","Readings":{"CO":10,"NO2":109,"PM10":82,"PM2_5":22,"ozone":90},"Location":{"latitude":25.5216,"longitude":-80.0135},"Status":"ACCEPTABLE"}
{"Timestamp":"2020-01-01T00:02:23Z","SensorId":"weather_0127","SensorType":"weather","Readings":{"humidity":7,"precipitation":5.32,"pressure":987,"temperature":28.47,"wind_direction":"NW","wind_speed":6.57},"Location":{"latitude":-84.7802,"longitude":177.0625},"Status":"OK"}
{"Timestamp":"2020-01-01T00:02:40Z","SensorId":"weather_0136","SensorType":"weather","Readings":{"humidity":97,"precipitation":4.67,"pressure":1029,"temperature":4.11,"wind_direction":"NW","wind_speed":36.81},"Location":{"latitude":-87.249,"longitude":80.891},"Status":"WARNING"}
{"Timestamp":"2020-01-01T00:01:59Z","SensorId":"weather_0098","SensorType":"weather","Readings":{"humidity":95,"precipitation":1.97,"pressure":999,"temperature":7.59,"wind_direction":"W","wind_speed":43.74},"Location":{"latitude":3.8866,"longitude":-95.8773},"Status":"WARNING"}
{"Timestamp":"2020-01-01T00:02:56Z","SensorId":"air_quality_0161","SensorType":"air_quality","Readings":{"CO":16,"NO2":105,"PM10":272,"PM2_5":82,"ozone":171},"Location":{"latitude":82.0941,"longitude":-174.6954},"Status":"MODERATE"}
{"Timestamp":"2020-01-01T00:01:34Z","SensorId":"weather_0067","SensorType":"weather","Readings":{"humidity":46,"precipitation":5.88,"pressure":991,"temperature":10.68,"wind_direction":"S","wind_speed":10.3},"Location":{"latitude":53.7768,"longitude":-57.2188},"Status":"OK"}
{"Timestamp":"2020-01-01T00:02:05Z","SensorId":"air_quality_0098","SensorType":"air_quality","Readings":{"CO":30,"NO2":42,"PM10":238,"PM2_5":19,"ozone":183},"Location":{"latitude":65.3955,"longitude":-136.8459},"Status":"ACCEPTABLE"}
{"Timestamp":"2020-01-01T00:02:38Z","SensorId":"air_quality_0136","SensorType":"air_quality","Readings":{"CO":22,"NO2":69,"PM10":250,"PM2_5":58,"ozone":142},"Location":{"latitude":53.5601,"longitude":54.6021},"Status":"MODERATE"}
{"Timestamp":"2020-01-01T00:02:23Z","SensorId":"air_quality_0127","SensorType":"air_quality","Readings":{"CO":18,"NO2":56,"PM10":357,"PM2_5":6,"ozone":192},"Location":{"latitude":-29.449,"longitude":72.9058},"Status":"DANGEROUS"}
{"Timestamp":"2020-01-01T00:02:22Z","SensorId":"weather_0113","SensorType":"weather","Readings":{"humidity":78,"precipitation":6.25,"pressure":1003,"temperature":18.92,"wind_direction":"SE","wind_speed":null},"Location":{"latitude":-80.9591,"longitude":-36.7458},"Status":"ERROR"}
{"Timestamp":"2020-01-01T00:03:08Z","SensorId":"air_quality_0175","SensorType":"air_quality","Readings":{"CO":13,"NO2":25,"PM10":254,"PM2_5":10,"ozone":81},"Location":{"latitude":3.0365,"longitude":113.3154},"Status":"ACCEPTABLE"}
{"Timestamp":"2020-01-01T00:01:51Z","SensorId":"weather_0099","SensorType":"weather","Readings":{"humidity":60,"precipitation":6.3,"pressure":955,"temperature":26.49,"wind_direction":"E","wind_speed":12.14},"Location":{"latitude":-40.2034,"longitude":13.8708},"Status":"OK"}
{"Timestamp":"2020-01-01T00:02:35Z","SensorId":"weather_0128","SensorType":"weather","Readings":{"humidity":94,"precipitation":9.85,"pressure":1020,"temperature":21.76,"wind_direction":"W","wind_speed":47.38},"Location":{"latitude":-3.2302,"longitude":62.7239},"Status":"WARNING"}
{"Timestamp":"2020-01-01T00:02:08Z","SensorId":"air_quality_0099","SensorType":"air_quality","Readings":{"CO":27,"NO2":44,"PM10":86,"PM2_5":38,"ozone":143},"Location":{"latitude":86.4408,"longitude":83.565},"Status":"ACCEPTABLE"}
{"Timestamp":"2020-01-01T00:03:11Z","SensorId":"weather_0176","SensorType":"weather","Readings":{"humidity":29,"precipitation":6.99,"pressure":991,"temperature":0.41,"wind_direction":null,"wind_speed":24.05},"Location":{"latitude":76.171,"longitude":159.2432},"Status":"ERROR"}
{"Timestamp":"2020-01-01T00:02:20Z","SensorId":"air_quality_0128","SensorType":"air_quality","Readings":{"CO":1,"NO2":98,"PM10":147,"PM2_5":114,"ozone":156},"Location":{"latitude":30.7174,"longitude":-136.9665},"Status":"MODERATE"}
{"Timestamp":"2020-01-01T00:02:35Z","SensorId":"air_quality_0145","SensorType":"air_quality","Readings":{"CO":7,"NO2":22,"PM10":189,"PM2_5":10,"ozone":37},"Location":{"latitude":17.0591,"longitude":-139.2117},"Status":"SAFE"}
{"Timestamp":"2020-01-01T00:02:29Z","SensorId":"weather_0137","SensorType":"weather","Readings":{"humidity":82,"precipitation":1.8,"pressure":985,"temperature":6.14,"wind_direction":"E","wind_speed":null},"Location":{"latitude":-28.9325,"longitude":-1.2434},"Status":"ERROR"}
{"Timestamp":"2020-01-01T00:02:30Z","SensorId":"weather_0129","SensorType":"weather","Readings":{"humidity":22,"precipitation":9.36,"pressure":1028,"temperature":13,"wind_direction":"SE","wind_speed":34.99},"Location":{"latitude":61.3659,"longitude":48.1647},"Status":"OK"}
{"Timestamp":"2020-01-01T00:03:26Z","SensorId":"air_quality_0176","SensorType":"air_quality","Readings":{"CO":5,"NO2":1,"PM10":59,"PM2_5":52,"ozone":129},"Location":{"latitude":57.8637,"longitude":130.108},"Status":"SAFE"}
{"Timestamp":"2020-01-01T00:02:06Z","SensorId":"weather_0100","SensorType":"weather","Readings":{"humidity":45,"precipitation":4.61,"pressure":953,"temperature":11.37,"wind_direction":"SW","wind_speed":19.4},"Location":{"latitude":42.1661,"longitude":149.5834},"Status":"OK"}
{"Timestamp":"2020-01-01T00:02:33Z","SensorId":"air_quality_0129","SensorType":"air_quality","Readings":{"CO":6,"NO2":27,"PM10":11,"PM2_5":113,"ozone":170},"Location":{"latitude":-89.5371,"longitude":-62.5182},"Status":"ACCEPTABLE"}
{"Timestamp":"2020-01-01T00:02:03Z","SensorId":"air_quality_0100","SensorType":"air_quality","Readings":{"CO":17,"NO2":48,"PM10":30,"PM2_5":10,"ozone":117},"Location":{"latitude":-22.422,"longitude":-162.0916},"Status":"ACCEPTABLE"}
{"Timestamp":"2020-01-01T00:02:18Z","SensorId":"air_quality_0113","SensorType":"air_quality","Readings":{"CO":31,"NO2":75,"PM10":82,"PM2_5":61,"ozone":166},"Location":{"latitude":-22.8504,"longitude":-20.2304},"Status":"MODERATE"}
{"Timestamp":"2020-01-01T00:02:40Z","SensorId":"air_quality_0137","SensorType":"air_quality","Readings":{"CO":8,"NO2":75,"PM10":80,"PM2_5":18,"ozone":29},"Location":{"latitude":69.2678,"longitude":6.9603},"Status":"SAFE"}
{"Timestamp":"2020-01-01T00:02:07Z","SensorId":"weather_0101","SensorType":"weather","Readings":{"humidity":86,"precipitation":3.19,"pressure":958,"temperature":25.13,"wind_direction":"SW","wind_speed":0.75},"Location":{"latitude":-51.9628,"longitude":63.3837},"Status":"OK"}
{"Timestamp":"2020-01-01T00:02:44Z","SensorId":"weather_0146","SensorType":"weather","Readings":{"humidity":5,"precipitation":0.5,"pressure":966,"temperature":18.36,"wind_direction":"S","wind_speed":52.95},"Location":{"latitude":74.4419,"longitude":177.8515},"Status":"OK"}
{"Timestamp":"2020-01-01T00:02:57Z","SensorId":"weather_0162","SensorType":"weather","Readings":{"humidity":8,"precipitation":1.29,"pressure":1003,"temperature":10.29,"wind_direction":"SW","wind_speed":16.41},"Location":{"latitude":10.1056,"longitude":79.0087},"Status":"OK"}
{"Timestamp":"2020-01-01T00:02:00Z","SensorId":"air_quality_0101","SensorType":"air_quality","Readings":{"CO":37,"NO2":25,"PM10":29,"PM2_5":106,"ozone":87},"Location":{"latitude":57.047,"longitude":-11.664},"Status":"ACCEPTABLE"}
{"Timestamp":"2020-01-01T00:02:04Z","SensorId":"weather_0114","SensorType":"weather","Readings":{"humidity":82,"precipitation":5.73,"pressure":967,"temperature":14.38,"wind_direction":"S","wind_speed":28.34},"Location":{"latitude":9.7796,"longitude":-10.1687},"Status":"OK"}
{"Timestamp":"2020-01-01T00:02:53Z","SensorId":"air_quality_0146","SensorType":"air_quality","Readings":{"CO":30,"NO2":53,"PM10":61,"PM2_5":52,"ozone":102},"Location":{"latitude":36.6292,"longitude":20.598},"Status":"MODERATE"}
{"Timestamp":"2020-01-01T00:03:12Z","SensorId":"weather_0177","SensorType":"weather","Readings":{"humidity":55,"precipitation":8.22,"pressure":968,"temperature":30.77,"wind_direction":"E","wind_speed":21.92},"Location":{"latitude":-15.7168,"longitude":-55.6302},"Status":"OK"}
{"Timestamp":"2020-01-01T00:02:39Z","SensorId":"weather_0138","SensorType":"weather","Readings":{"humidity":24,"precipitation":4.96,"pressure":998,"temperature":2.86,"wind_direction":"S","wind_speed":27.52},"Location":{"latitude":80.8662,"longitude":-12.6935},"Status":"OK"}
{"Timestamp":"2020-01-01T00:01:58Z","SensorId":"weather_0102","SensorType":"weather","Readings":{"humidity":67,"precipitation":5.05,"pressure":954,"temperature":32.31,"wind_direction":"S","wind_speed":26.28},"Location":{"latitude":-64.5749,"longitude":-150.4885},"Status":"WARNING"}
{"Timestamp":"2020-01-01T00:03:02Z","SensorId":"air_quality_0162","SensorType":"air_quality","Readings":{"CO":21,"NO2":109,"PM10":74,"PM2_5":67,"ozone":17},"Location":{"latitude":-16.8512,"longitude":-179.5479},"Status":"ACCEPTABLE"}
{"Timestamp":"2020-01-01T00:02:11Z","SensorId":"air_quality_0114","SensorType":"air_quality","Readings":{"CO":3,"NO2":51,"PM10":205,"PM2_5":1,"ozone":164},"Location":{"latitude":-54.3062,"longitude":-1.4806},"Status":"MODERATE"}
{"Timestamp":"2020-01-01T00:03:23Z","SensorId":"air_quality_0177","SensorType":"air_quality","Readings":{"CO":35,"NO2":78,"PM10":62,"PM2_5":95,"ozone":172},"Location":{"latitude":30.8211,"longitude":61.9848},"Status":"MODERATE"}
{"Timestamp":"2020-01-01T00:02:04Z","SensorId":"air_quality_0102","SensorType":"air_quality","Readings":{"CO":28,"NO2":111,"PM10":372,"PM2_5":58,"ozone":72},"Location":{"latitude":85.8415,"longitude":-8.8109},"Status":"DANGEROUS"}
{"Timestamp":"2020-01-01T00:02:30Z","SensorId":"air_quality_0138","SensorType":"air_quality","Readings":{"CO":4,"NO2":51,"PM10":159,"PM2_5":105,"ozone":74},"Location":{"latitude":-13.7027,"longitude":24.0263},"Status":"MODERATE"}
{"Timestamp":"2020-01-01T00:03:49Z","SensorId":"air_quality_0211","SensorType":"air_quality","Readings":{"CO":5,"NO2":0,"PM10":44,"PM2_5":59,"ozone":153},"Location":{"latitude":-61.3779,"longitude":-172.8877},"Status":"SAFE"}
{"Timestamp":"2020-01-01T00:02:58Z","SensorId":"weather_0163","SensorType":"weather","Readings":{"humidity":25,"precipitation":2.38,"pressure":1016,"temperature":35.27,"wind_direction":"N","wind_speed":3.36},"Location":{"latitude":46.7487,"longitude":27.7379},"Status":"OK"}
{"Timestamp":"2020-01-01T00:02:13Z","SensorId":"weather_0115","SensorType":"weather","Readings":{"humidity":43,"precipitation":5.67,"pressure":980,"temperature":24.69,"wind_direction":"N","wind_speed":16.44},"Location":{"latitude":-68.8088,"longitude":77.9328},"Status":"OK"}
{"Timestamp":"2020-01-01T00:01:56Z","SensorId":"weather_0103","SensorType":"weather","Readings":{"humidity":99,"precipitation":1.58,"pressure":990,"temperature":14.36,"wind_direction":"S","wind_speed":25.68},"Location":{"latitude":11.9994,"longitude":-170.107},"Status":"WARNING"}
{"Timestamp":"2020-01-01T00:02:37Z","SensorId":"air_quality_0147","SensorType":"air_quality","Readings":{"CO":2,"NO2":102,"PM10":3,"PM2_5":79,"ozone":61},"Location":{"latitude":-22.0553,"longitude":52.3057},"Status":"ACCEPTABLE"}
{"Timestamp":"2020-01-01T00:02:54Z","SensorId":"air_quality_0163","SensorType":"air_quality","Readings":{"CO":32,"NO2":81,"PM10":46,"PM2_5":43,"ozone":146},"Location":{"latitude":1.6998,"longitude":13.5926},"Status":"MODERATE"}
{"Timestamp":"2020-01-01T00:03:13Z","SensorId":"weather_0178","SensorType":"weather","Readings":{"humidity":73,"precipitation":2.67,"pressure":1042,"temperature":24.68,"wind_direction":"SW","wind_speed":31.61},"Location":{"latitude":51.9733,"longitude":-23.6645},"Status":"OK"}
{"Timestamp":"2020-01-01T00:01:56Z","SensorId":"air_quality_0103","SensorType":"air_quality","Readings":{"CO":29,"NO2":80,"PM10":252,"PM2_5":37,"ozone":199},"Location":{"latitude":45.7823,"longitude":-170.3921},"Status":"MODERATE"}
{"Timestamp":"2020-01-01T00:03:17Z","SensorId":"air_quality_0178","SensorType":"air_quality","Readings":{"CO":36,"NO2":107,"PM10":70,"PM2_5":4,"ozone":27},"Location":{"latitude":28.6507,"longitude":35.7685},"Status":"DANGEROUS"}
{"Timestamp":"2020-01-01T00:03:05Z","SensorId":"weather_0164","SensorType":"weather","Readings":{"humidity":74,"precipitation":9.37,"pressure":1032,"temperature":21.53,"wind_direction":"S","wind_speed":27.54},"Location":{"latitude":78.0408,"longitude":-42.5099},"Status":"OK"}
{"Timestamp":"2020-01-01T00:02:49Z","SensorId":"weather_0148","SensorType":"weather","Readings":{"humidity":0,"precipitation":1.43,"pressure":1038,"temperature":4.41,"wind_direction":"W","wind_speed":12.81},"Location":{"latitude":65.4103,"longitude":66.0386},"Status":"OK"}
{"Timestamp":"2020-01-01T00:02:36Z","SensorId":"weather_0139","SensorType":"weather","Readings":{"humidity":21,"precipitation":2.69,"pressure":971,"temperature":11.16,"wind_direction":"N","wind_speed":19.01},"Location":{"latitude":-72.476,"longitude":-17.629},"Status":"OK"}
{"Timestamp":"2020-01-01T00:02:28Z","SensorId":"weather_0130","SensorType":"weather","Readings":{"humidity":47,"precipitation":6.92,"pressure":1039,"temperature":33.19,"wind_direction":"NW","wind_speed":58.19},"Location":{"latitude":-67.0321,"longitude":111.1598},"Status":"WARNING"}
{"Timestamp":"2020-01-01T00:02:59Z","SensorId":"air_quality_0164","SensorType":"air_quality","Readings":{"CO":35,"NO2":33,"PM10":137,"PM2_5":62,"ozone":141},"Location":{"latitude":-89.3848,"longitude":172.3575},"Status":"MODERATE"}
{"Timestamp":"2020-01-01T00:02:00Z","SensorId":"weather_0104","SensorType":"weather","Readings":{"humidity":12,"precipitation":2.52,"pressure":996,"temperature":17.36,"wind_direction":"E","wind_speed":29.47},"Location":{"latitude":71.0314,"longitude":-1.3127},"Status":"OK"}
{"Timestamp":"2020-01-01T00:02:38Z","SensorId":"air_quality_0139","SensorType":"air_quality","Readings":{"CO":26,"NO2":33,"PM10":63,"PM2_5":39,"ozone":190},"Location":{"latitude":4.9639,"longitude":165.8207},"Status":"ACCEPTABLE"}
{"Timestamp":"2020-01-01T00:02:17Z","SensorId":"air_quality_0115","SensorType":"air_quality","Readings":{"CO":31,"NO2":99,"PM10":207,"PM2_5":1,"ozone":194},"Location":{"latitude":3.274,"longitude":33.3507},"Status":"MODERATE"}
{"Timestamp":"2020-01-01T00:02:59Z","SensorId":"weather_0165","SensorType":"weather","Readings":{"humidity":18,"precipitation":9.82,"pressure":1049,"temperature":1.78,"wind_direction":"SW","wind_speed":8.86},"Location":{"latitude":32.6818,"longitude":-117.5228},"Status":"OK"}
{"Timestamp":"2020-01-01T00:02:39Z","SensorId":"air_quality_0130","SensorType":"air_quality","Readings":{"CO":34,"NO2":55,"PM10":208,"PM2_5":2,"ozone":174},"Location":{"latitude":-61.8639,"longitude":28.8705},"Status":"MODERATE"}
{"Timestamp":"2020-01-01T00:02:07Z","SensorId":"air_quality_0104","SensorType":"air_quality","Readings":{"CO":11,"NO2":90,"PM10":355,"PM2_5":75,"ozone":12},"Location":{"latitude":-12.1701,"longitude":103.4985},"Status":"MODERATE"}
{"Timestamp":"2020-01-01T00:02:36Z","SensorId":"weather_0140","SensorType":"weather","Readings":{"humidity":54,"precipitation":0.18,"pressure":952,"temperature":33.48,"wind_direction":"S","wind_speed":26.77},"Location":{"latitude":-5.9152,"longitude":173.7508},"Status":"WARNING"}
{"Timestamp":"2020-01-01T00:02:14Z","SensorId":"weather_0116","SensorType":"weather","Readings":{"humidity":84,"precipitation":3.09,"pressure":952,"temperature":23.28,"wind_direction":"W","wind_speed":32.98},"Location":{"latitude":78.7345,"longitude":30.8023},"Status":"OK"}
{"Timestamp":"2020-01-01T00:02:23Z","SensorId":"weather_0131","SensorType":"weather","Readings":{"humidity":3,"precipitation":0.41,"pressure":1046,"temperature":33.73,"wind_direction":"N","wind_speed":26.76},"Location":{"latitude":-38.6537,"longitude":-150.2637},"Status":"WARNING"}
{"Timestamp":"2020-01-01T00:03:02Z","SensorId":"air_quality_0165","SensorType":"air_quality","Readings":{"CO":23,"NO2":44,"PM10":97,"PM2_5":65,"ozone":142},"Location":{"latitude":-50.1057,"longitude":-49.4014},"Status":"MODERATE"}
{"Timestamp":"2020-01-01T00:01:56Z","SensorId":"weather_0105","SensorType":"weather","Readings":{"humidity":20,"precipitation":6.92,"pressure":1045,"temperature":27.92,"wind_direction":"SE","wind_speed":41.13},"Location":{"latitude":84.4996,"longitude":-93.4711},"Status":"OK"}
{"Timestamp":"2020-01-01T00:02:35Z","SensorId":"air_quality_0140","SensorType":"air_quality","Readings":{"CO":5,"NO2":70,"PM10":215,"PM2_5":27,"ozone":56},"Location":{"latitude":-69.3716,"longitude":-59.8146},"Status":"ACCEPTABLE"}
{"Timestamp":"2020-01-01T00:02:14Z","SensorId":"air_quality_0116","SensorType":"air_quality","Readings":{"CO":17,"NO2":10,"PM10":197,"PM2_5":52,"ozone":188},"Location":{"latitude":-70.266,"longitude":162.1157},"Status":"ACCEPTABLE"}
{"Timestamp":"2020-01-01T00:02:26Z","SensorId":"air_quality_0131","SensorType":"air_quality","Readings":{"CO":13,"NO2":26,"PM10":126,"PM2_5":70,"ozone":168},"Location":{"latitude":-43.4009,"longitude":-4.8847},"Status":"MODERATE"}
{"Timestamp":"2020-01-01T00:02:15Z","SensorId":"air_quality_0105","SensorType":"air_quality","Readings":{"CO":8,"NO2":66,"PM10":298,"PM2_5":61,"ozone":50},"Location":{"latitude":-38.3573,"longitude":-145.8728},"Status":"MODERATE"}
{"Timestamp":"2020-01-01T00:03:07Z","SensorId":"weather_0166","SensorType":"weather","Readings":{"humidity":58,"precipitation":3.94,"pressure":952,"temperature":12.44,"wind_direction":"S","wind_speed":47.16},"Location":{"latitude":-55.6236,"longitude":38.0858},"Status":"OK"}
{"Timestamp":"2020-01-01T00:02:58Z","SensorId":"air_quality_0148","SensorType":"air_quality","Readings":{"CO":20,"NO2":59,"PM10":139,"PM2_5":111,"ozone":100},"Location":{"latitude":89.2501,"longitude":-80.063},"Status":"MODERATE"}
{"Timestamp":"2020-01-01T00:02:38Z","SensorId":"weather_0132","SensorType":"weather","Readings":{"humidity":81,"precipitation":3.36,"pressure":1035,"temperature":21.24,"wind_direction":"W","wind_speed":24.35},"Location":{"latitude":-79.6863,"longitude":152.9937},"Status":"OK"}
{"Timestamp":"2020-01-01T00:02:08Z","SensorId":"weather_0117","SensorType":"weather","Readings":{"humidity":30,"precipitation":1.01,"pressure":973,"temperature":18.9,"wind_direction":null,"wind_speed":7.79},"Location":{"latitude":-21.4105,"longitude":78.3331},"Status":"ERROR"}
{"Timestamp":"2020-01-01T00:03:04Z","SensorId":"air_quality_0166","SensorType":"air_quality","Readings":{"CO":7,"NO2":111,"PM10":5,"PM2_5":58,"ozone":171},"Location":{"latitude":-67.8312,"longitude":28.5535},"Status":"ACCEPTABLE"}
{"Timestamp":"2020-01-01T00:02:46Z","SensorId":"weather_0141","SensorType":"weather","Readings":{"humidity":21,"precipitation":0.5,"pressure":1028,"temperature":31.5,"wind_direction":"SW","wind_speed":55.36},"Location":{"latitude":-57.2933,"longitude":-52.3227},"Status":"OK"}
{"Timestamp":"2020-01-01T00:02:40Z","SensorId":"air_quality_0132","SensorType":"air_quality","Readings":{"CO":22,"NO2":39,"PM10":189,"PM2_5":43,"ozone":36},"Location":{"latitude":50.0725,"longitude":21.4559},"Status":"ACCEPTABLE"}
{"Timestamp":"2020-01-01T00:03:28Z","SensorId":"weather_0179","SensorType":"weather","Readings":{"humidity":73,"precipitation":2.44,"pressure":987,"temperature":8.47,"wind_direction":"SE","wind_speed":14.67},"Location":{"latitude":15.4746,"longitude":-114.3961},"Status":"OK"}
{"Timestamp":"2020-01-01T00:02:24Z","SensorId":"air_quality_0117","SensorType":"air_quality","Readings":{"CO":16,"NO2":96,"PM10":159,"PM2_5":124,"ozone":182},"Location":{"latitude":-14.9779,"longitude":-11.9096},"Status":"DANGEROUS"}
{"Timestamp":"2020-01-01T00:02:48Z","SensorId":"air_quality_0141","SensorType":"air_quality","Readings":{"CO":7,"NO2":7,"PM10":122,"PM2_5":55,"ozone":191},"Location":{"latitude":-50.9075,"longitude":-72.9365},"Status":"ACCEPTABLE"}
{"Timestamp":"2020-01-01T00:03:27Z","SensorId":"air_quality_0179","SensorType":"air_quality","Readings":{"CO":12,"NO2":100,"PM10":72,"PM2_5":31,"ozone":196},"Location":{"latitude":-22.1068,"longitude":134.9475},"Status":"ACCEPTABLE"}
{"Timestamp":"2020-01-01T00:02:49Z","SensorId":"weather_0149","SensorType":"weather","Readings":{"humidity":14,"precipitation":2.97,"pressure":1039,"temperature":6.2,"wind_direction":"SE","wind_speed":10.33},"Location":{"latitude":-34.6982,"longitude":-79.0498},"Status":"OK"}
{"Timestamp":"2020-01-01T00:02:33Z","SensorId":"weather_0133","SensorType":"weather","Readings":{"humidity":61,"precipitation":7.6,"pressure":1042,"temperature":33.21,"wind_direction":"E","wind_speed":16.31},"Location":{"latitude":-55.8685,"longitude":-44.677},"Status":"WARNING"}
